<?xml version="1.0" encoding="utf-8"?><testsuites name="pytest tests"><testsuite name="pytest" errors="0" failures="2" skipped="0" tests="33" time="13.161" timestamp="2026-03-13T15:26:48.651806+00:00" hostname="agent-env-2115655f-4a60-4555-9b69-7db2f9625c0d"><testcase classname="backend.tests.test_exagram_api.TestHealthAndBasicEndpoints" name="test_health_check" time="0.215" /><testcase classname="backend.tests.test_exagram_api.TestHealthAndBasicEndpoints" name="test_root_endpoint" time="0.113" /><testcase classname="backend.tests.test_exagram_api.TestHealthAndBasicEndpoints" name="test_packages_endpoint" time="0.118" /><testcase classname="backend.tests.test_exagram_api.TestHealthAndBasicEndpoints" name="test_consent_config_endpoint" time="0.121" /><testcase classname="backend.tests.test_exagram_api.TestUserRegistration" name="test_user_registration" time="0.842" /><testcase classname="backend.tests.test_exagram_api.TestUserRegistration" name="test_duplicate_registration_fails" time="0.312" /><testcase classname="backend.tests.test_exagram_api.TestUserLogin" name="test_user_login_success" time="0.603" /><testcase classname="backend.tests.test_exagram_api.TestUserLogin" name="test_user_login_invalid_credentials" time="0.486" /><testcase classname="backend.tests.test_exagram_api.TestUserLogin" name="test_user_login_nonexistent_user" time="0.278" /><testcase classname="backend.tests.test_exagram_api.TestLGPDConsent" name="test_grant_terms_consent" time="0.406" /><testcase classname="backend.tests.test_exagram_api.TestLGPDConsent" name="test_grant_privacy_consent" time="0.409" /><testcase classname="backend.tests.test_exagram_api.TestLGPDConsent" name="test_grant_sensitive_data_consent" time="0.619" /><testcase classname="backend.tests.test_exagram_api.TestLGPDConsent" name="test_consent_status_all_granted" time="0.413" /><testcase classname="backend.tests.test_exagram_api.TestAuthenticatedUserEndpoints" name="test_get_current_user" time="0.273" /><testcase classname="backend.tests.test_exagram_api.TestAuthenticatedUserEndpoints" name="test_get_exams_list" time="0.335" /><testcase classname="backend.tests.test_exagram_api.TestAuthenticatedUserEndpoints" name="test_export_user_data_lgpd" time="0.699" /><testcase classname="backend.tests.test_exagram_api.TestSpecialistsPublicEndpoint" name="test_get_specialists_list" time="0.250" /><testcase classname="backend.tests.test_exagram_api.TestSpecialistsPublicEndpoint" name="test_get_specialists_with_filters" time="0.256" /><testcase classname="backend.tests.test_exagram_api.TestAdminLogin" name="test_admin_login_success" time="0.484" /><testcase classname="backend.tests.test_exagram_api.TestAdminLogin" name="test_admin_login_invalid_credentials" time="0.497" /><testcase classname="backend.tests.test_exagram_api.TestAdminDashboard" name="test_admin_overview" time="0.553" /><testcase classname="backend.tests.test_exagram_api.TestAdminDashboard" name="test_admin_get_tenants" time="0.283" /><testcase classname="backend.tests.test_exagram_api.TestAdminDashboard" name="test_admin_get_audit_log" time="0.269" /><testcase classname="backend.tests.test_exagram_api.TestAdminSpecialistsCRUD" name="test_admin_create_specialist" time="0.263" /><testcase classname="backend.tests.test_exagram_api.TestAdminSpecialistsCRUD" name="test_admin_update_specialist" time="0.254" /><testcase classname="backend.tests.test_exagram_api.TestAdminSpecialistsCRUD" name="test_admin_delete_specialist" time="0.244" /><testcase classname="backend.tests.test_exagram_api.TestAdminTenantsCRUD" name="test_admin_create_tenant" time="0.935" /><testcase classname="backend.tests.test_exagram_api.TestAdminTenantsCRUD" name="test_admin_toggle_tenant_active" time="0.296" /><testcase classname="backend.tests.test_exagram_api.TestAdminTenantsCRUD" name="test_admin_delete_tenant" time="0.530"><failure message="AssertionError: Delete tenant failed: Internal Server Error&#10;assert 500 == 200&#10; +  where 500 = &lt;Response [500]&gt;.status_code">backend/tests/test_exagram_api.py:483: in test_admin_delete_tenant
    assert response.status_code == 200, f"Delete tenant failed: {response.text}"
E   AssertionError: Delete tenant failed: Internal Server Error
E   assert 500 == 200
E    +  where 500 = &lt;Response [500]&gt;.status_code</failure></testcase><testcase classname="backend.tests.test_exagram_api.TestUnauthorizedAccess" name="test_user_endpoints_without_token" time="0.338" /><testcase classname="backend.tests.test_exagram_api.TestUnauthorizedAccess" name="test_admin_endpoints_without_token" time="0.112" /><testcase classname="backend.tests.test_exagram_api.TestUnauthorizedAccess" name="test_admin_endpoints_with_user_token" time="0.329" /><testcase classname="backend.tests.test_exagram_api.TestCleanup" name="test_delete_test_user" time="0.844"><failure message="AssertionError: Delete user failed: Internal Server Error&#10;assert 500 == 200&#10; +  where 500 = &lt;Response [500]&gt;.status_code">backend/tests/test_exagram_api.py:521: in test_delete_test_user
    assert response.status_code == 200, f"Delete user failed: {response.text}"
E   AssertionError: Delete user failed: Internal Server Error
E   assert 500 == 200
E    +  where 500 = &lt;Response [500]&gt;.status_code</failure></testcase></testsuite></testsuites>