<?xml version="1.0" encoding="utf-8"?><testsuites name="pytest tests"><testsuite name="pytest" errors="0" failures="0" skipped="0" tests="26" time="21.154" timestamp="2026-03-13T17:32:38.123193+00:00" hostname="agent-env-2115655f-4a60-4555-9b69-7db2f9625c0d"><testcase classname="backend.tests.test_exam_analysis_chat.TestHealthAndBasicEndpoints" name="test_health_check" time="0.209" /><testcase classname="backend.tests.test_exam_analysis_chat.TestUserLoginWithExam" name="test_user_login" time="0.509" /><testcase classname="backend.tests.test_exam_analysis_chat.TestExamResultsEndpoint" name="test_get_exam_details" time="0.504" /><testcase classname="backend.tests.test_exam_analysis_chat.TestExamResultsEndpoint" name="test_exam_has_extracted_values" time="0.406" /><testcase classname="backend.tests.test_exam_analysis_chat.TestExamResultsEndpoint" name="test_exam_has_flags" time="0.409" /><testcase classname="backend.tests.test_exam_analysis_chat.TestExamResultsEndpoint" name="test_exam_has_summary" time="0.398" /><testcase classname="backend.tests.test_exam_analysis_chat.TestExamResultsEndpoint" name="test_exam_not_found" time="0.274" /><testcase classname="backend.tests.test_exam_analysis_chat.TestChatWithExamContext" name="test_chat_endpoint_exists" time="7.618" /><testcase classname="backend.tests.test_exam_analysis_chat.TestChatWithExamContext" name="test_chat_returns_contextual_response" time="4.510" /><testcase classname="backend.tests.test_exam_analysis_chat.TestChatWithExamContext" name="test_chat_messages_are_saved" time="0.449" /><testcase classname="backend.tests.test_exam_analysis_chat.TestChatWithExamContext" name="test_chat_without_auth_fails" time="0.131" /><testcase classname="backend.tests.test_exam_analysis_chat.TestMercadoPagoWebhook" name="test_webhook_accepts_post" time="0.349" /><testcase classname="backend.tests.test_exam_analysis_chat.TestMercadoPagoWebhook" name="test_webhook_accepts_query_params" time="0.293" /><testcase classname="backend.tests.test_exam_analysis_chat.TestMercadoPagoWebhook" name="test_webhook_handles_empty_body" time="0.172" /><testcase classname="backend.tests.test_exam_analysis_chat.TestMercadoPagoWebhook" name="test_webhook_handles_payment_notification" time="0.414" /><testcase classname="backend.tests.test_exam_analysis_chat.TestAdminLogin" name="test_admin_login" time="0.489" /><testcase classname="backend.tests.test_exam_analysis_chat.TestAdminCouponCRUD" name="test_admin_list_coupons" time="0.297" /><testcase classname="backend.tests.test_exam_analysis_chat.TestAdminCouponCRUD" name="test_admin_create_coupon" time="0.409" /><testcase classname="backend.tests.test_exam_analysis_chat.TestAdminCouponCRUD" name="test_admin_toggle_coupon" time="0.298" /><testcase classname="backend.tests.test_exam_analysis_chat.TestAdminCouponCRUD" name="test_admin_delete_coupon" time="0.324" /><testcase classname="backend.tests.test_exam_analysis_chat.TestExamsList" name="test_get_user_exams_list" time="0.384" /><testcase classname="backend.tests.test_exam_analysis_chat.TestCreditPackages" name="test_get_packages" time="0.130" /><testcase classname="backend.tests.test_exam_analysis_chat.TestCouponValidation" name="test_validate_teste10_coupon" time="0.279" /><testcase classname="backend.tests.test_exam_analysis_chat.TestCouponValidation" name="test_validate_invalid_coupon" time="0.267" /><testcase classname="backend.tests.test_exam_analysis_chat.TestCheckoutCreation" name="test_create_checkout_without_coupon" time="0.734" /><testcase classname="backend.tests.test_exam_analysis_chat.TestCheckoutCreation" name="test_create_checkout_with_coupon" time="0.806" /></testsuite></testsuites>