<?xml version="1.0" encoding="utf-8"?><testsuites name="pytest tests"><testsuite name="pytest" errors="0" failures="0" skipped="0" tests="22" time="12.835" timestamp="2026-03-13T16:06:49.287508+00:00" hostname="agent-env-2115655f-4a60-4555-9b69-7db2f9625c0d"><testcase classname="backend.tests.test_mercadopago_coupons.TestPackagesEndpoint" name="test_get_packages" time="0.202" /><testcase classname="backend.tests.test_mercadopago_coupons.TestUserRegistrationWithFreeCredit" name="test_register_user_with_free_credit" time="0.808" /><testcase classname="backend.tests.test_mercadopago_coupons.TestUserRegistrationWithFreeCredit" name="test_verify_free_credit_on_login" time="0.509" /><testcase classname="backend.tests.test_mercadopago_coupons.TestAdminLogin" name="test_admin_login" time="0.489" /><testcase classname="backend.tests.test_mercadopago_coupons.TestCouponValidation" name="test_validate_existing_coupon_teste10" time="0.296" /><testcase classname="backend.tests.test_mercadopago_coupons.TestCouponValidation" name="test_validate_invalid_coupon" time="0.254" /><testcase classname="backend.tests.test_mercadopago_coupons.TestCouponValidation" name="test_validate_coupon_case_insensitive" time="0.303" /><testcase classname="backend.tests.test_mercadopago_coupons.TestMercadoPagoCheckout" name="test_checkout_without_coupon" time="0.813" /><testcase classname="backend.tests.test_mercadopago_coupons.TestMercadoPagoCheckout" name="test_checkout_with_coupon" time="0.771" /><testcase classname="backend.tests.test_mercadopago_coupons.TestMercadoPagoCheckout" name="test_checkout_invalid_package" time="0.110" /><testcase classname="backend.tests.test_mercadopago_coupons.TestMercadoPagoCheckout" name="test_checkout_without_auth" time="0.106" /><testcase classname="backend.tests.test_mercadopago_coupons.TestAdminCouponCRUD" name="test_admin_list_coupons" time="0.279" /><testcase classname="backend.tests.test_mercadopago_coupons.TestAdminCouponCRUD" name="test_admin_create_coupon" time="0.397" /><testcase classname="backend.tests.test_mercadopago_coupons.TestAdminCouponCRUD" name="test_admin_create_duplicate_coupon_fails" time="0.300" /><testcase classname="backend.tests.test_mercadopago_coupons.TestAdminCouponCRUD" name="test_admin_toggle_coupon_active" time="0.999" /><testcase classname="backend.tests.test_mercadopago_coupons.TestAdminCouponCRUD" name="test_admin_delete_coupon" time="0.598" /><testcase classname="backend.tests.test_mercadopago_coupons.TestAdminCouponCRUD" name="test_admin_coupon_endpoints_without_auth" time="0.246" /><testcase classname="backend.tests.test_mercadopago_coupons.TestAdminCouponCRUD" name="test_admin_coupon_endpoints_with_user_token" time="0.158" /><testcase classname="backend.tests.test_mercadopago_coupons.TestCouponWithFixedDiscount" name="test_create_fixed_discount_coupon" time="1.706" /><testcase classname="backend.tests.test_mercadopago_coupons.TestDashboardAccess" name="test_user_can_access_dashboard_data" time="0.253" /><testcase classname="backend.tests.test_mercadopago_coupons.TestDashboardAccess" name="test_user_can_get_exams_list" time="0.255" /><testcase classname="backend.tests.test_mercadopago_coupons.TestCleanup" name="test_cleanup_test_user" time="2.923" /></testsuite></testsuites>